<?xml version="1.0" encoding="utf-8"?><testsuites name="pytest tests"><testsuite name="pytest" errors="0" failures="0" skipped="0" tests="35" time="28.108" timestamp="2026-05-18T16:54:02.165286+00:00" hostname="agent-env-e37582f6-a48a-4958-8b1d-0366350cacca"><testcase classname="backend.tests.backend_test.TestAuth" name="test_login_admin" time="0.355" /><testcase classname="backend.tests.backend_test.TestAuth" name="test_login_manager" time="0.342" /><testcase classname="backend.tests.backend_test.TestAuth" name="test_login_client" time="0.577" /><testcase classname="backend.tests.backend_test.TestAuth" name="test_login_invalid" time="0.345" /><testcase classname="backend.tests.backend_test.TestAuth" name="test_me_admin" time="0.153" /><testcase classname="backend.tests.backend_test.TestAuth" name="test_me_unauth" time="0.107" /><testcase classname="backend.tests.backend_test.TestAuth" name="test_register_new_user" time="0.345" /><testcase classname="backend.tests.backend_test.TestAuth" name="test_register_duplicate" time="0.129" /><testcase classname="backend.tests.backend_test.TestAuth" name="test_logout" time="0.106" /><testcase classname="backend.tests.backend_test.TestAuth" name="test_google_session_missing_header" time="0.117" /><testcase classname="backend.tests.backend_test.TestAuth" name="test_google_session_bogus_header" time="0.286" /><testcase classname="backend.tests.backend_test.TestWorkspaces" name="test_admin_lists_3_workspaces" time="0.158" /><testcase classname="backend.tests.backend_test.TestWorkspaces" name="test_manager_lists_all_3" time="0.110" /><testcase classname="backend.tests.backend_test.TestWorkspaces" name="test_client_sees_only_northwind" time="0.108" /><testcase classname="backend.tests.backend_test.TestWorkspaces" name="test_create_workspace" time="0.239" /><testcase classname="backend.tests.backend_test.TestWorkspaces" name="test_client_cannot_create_workspace" time="0.120" /><testcase classname="backend.tests.backend_test.TestWorkspaces" name="test_add_member_super_admin_only" time="0.265" /><testcase classname="backend.tests.backend_test.TestAdAccounts" name="test_list_for_northwind" time="0.103" /><testcase classname="backend.tests.backend_test.TestAdAccounts" name="test_connect_account_mock_oauth" time="0.180" /><testcase classname="backend.tests.backend_test.TestAdAccounts" name="test_client_cannot_connect_other_brand" time="0.139" /><testcase classname="backend.tests.backend_test.TestAdAccounts" name="test_disconnect_account" time="0.122" /><testcase classname="backend.tests.backend_test.TestCampaigns" name="test_list_campaigns_for_workspace" time="0.115" /><testcase classname="backend.tests.backend_test.TestCampaigns" name="test_filter_by_platform" time="0.128" /><testcase classname="backend.tests.backend_test.TestCampaigns" name="test_filter_by_status" time="0.111" /><testcase classname="backend.tests.backend_test.TestCampaigns" name="test_get_single_campaign" time="0.110" /><testcase classname="backend.tests.backend_test.TestCampaigns" name="test_toggle_campaign_status" time="0.531" /><testcase classname="backend.tests.backend_test.TestCampaigns" name="test_client_rbac_campaigns" time="0.131" /><testcase classname="backend.tests.backend_test.TestAnalytics" name="test_overview" time="0.152" /><testcase classname="backend.tests.backend_test.TestAnalytics" name="test_timeseries" time="0.111" /><testcase classname="backend.tests.backend_test.TestAlerts" name="test_list_alerts" time="0.104" /><testcase classname="backend.tests.backend_test.TestReports" name="test_create_and_list_report" time="0.244" /><testcase classname="backend.tests.backend_test.TestAdmin" name="test_list_users_super_admin" time="0.125" /><testcase classname="backend.tests.backend_test.TestAdmin" name="test_list_users_forbidden_for_manager" time="0.139" /><testcase classname="backend.tests.backend_test.TestAIAudit" name="test_audit_returns_json" time="21.474" /><testcase classname="backend.tests.backend_test.TestAIAudit" name="test_audit_no_access" time="0.145" /></testsuite></testsuites>